{"/home/runner/work/mio-system/mio-system/src/server.new.js": {"path":"/home/runner/work/mio-system/mio-system/src/server.new.js","statementMap":{"0":{"start":{"line":6,"column":16},"end":{"line":6,"column":34}},"1":{"start":{"line":7,"column":13},"end":{"line":7,"column":28}},"2":{"start":{"line":8,"column":20},"end":{"line":8,"column":42}},"3":{"start":{"line":9,"column":22},"end":{"line":9,"column":45}},"4":{"start":{"line":10,"column":42},"end":{"line":10,"column":71}},"5":{"start":{"line":11,"column":99},"end":{"line":11,"column":131}},"6":{"start":{"line":12,"column":29},"end":{"line":12,"column":60}},"7":{"start":{"line":13,"column":42},"end":{"line":13,"column":78}},"8":{"start":{"line":16,"column":19},"end":{"line":16,"column":43}},"9":{"start":{"line":17,"column":21},"end":{"line":17,"column":47}},"10":{"start":{"line":18,"column":18},"end":{"line":18,"column":41}},"11":{"start":{"line":19,"column":22},"end":{"line":19,"column":49}},"12":{"start":{"line":22,"column":15},"end":{"line":22,"column":26}},"13":{"start":{"line":25,"column":12},"end":{"line":25,"column":21}},"14":{"start":{"line":28,"column":0},"end":{"line":28,"column":27}},"15":{"start":{"line":29,"column":0},"end":{"line":29,"column":30}},"16":{"start":{"line":30,"column":0},"end":{"line":30,"column":16}},"17":{"start":{"line":31,"column":0},"end":{"line":31,"column":23}},"18":{"start":{"line":32,"column":0},"end":{"line":32,"column":41}},"19":{"start":{"line":33,"column":0},"end":{"line":33,"column":63}},"20":{"start":{"line":34,"column":0},"end":{"line":34,"column":48}},"21":{"start":{"line":37,"column":0},"end":{"line":37,"column":16}},"22":{"start":{"line":38,"column":0},"end":{"line":40,"column":1}},"23":{"start":{"line":39,"column":2},"end":{"line":39,"column":19}},"24":{"start":{"line":43,"column":0},"end":{"line":43,"column":25}},"25":{"start":{"line":44,"column":0},"end":{"line":44,"column":27}},"26":{"start":{"line":45,"column":0},"end":{"line":45,"column":30}},"27":{"start":{"line":46,"column":0},"end":{"line":46,"column":114}},"28":{"start":{"line":49,"column":0},"end":{"line":49,"column":25}},"29":{"start":{"line":50,"column":0},"end":{"line":50,"column":22}},"30":{"start":{"line":53,"column":0},"end":{"line":77,"column":1}},"31":{"start":{"line":54,"column":17},"end":{"line":59,"column":4}},"32":{"start":{"line":55,"column":4},"end":{"line":55,"column":68}},"33":{"start":{"line":56,"column":4},"end":{"line":56,"column":53}},"34":{"start":{"line":57,"column":4},"end":{"line":57,"column":63}},"35":{"start":{"line":58,"column":4},"end":{"line":58,"column":91}},"36":{"start":{"line":62,"column":2},"end":{"line":68,"column":5}},"37":{"start":{"line":63,"column":4},"end":{"line":63,"column":68}},"38":{"start":{"line":64,"column":4},"end":{"line":67,"column":7}},"39":{"start":{"line":65,"column":6},"end":{"line":65,"column":37}},"40":{"start":{"line":66,"column":6},"end":{"line":66,"column":22}},"41":{"start":{"line":70,"column":2},"end":{"line":76,"column":5}},"42":{"start":{"line":71,"column":4},"end":{"line":71,"column":67}},"43":{"start":{"line":72,"column":4},"end":{"line":75,"column":7}},"44":{"start":{"line":73,"column":6},"end":{"line":73,"column":37}},"45":{"start":{"line":74,"column":6},"end":{"line":74,"column":22}},"46":{"start":{"line":80,"column":0},"end":{"line":80,"column":21}}},"fnMap":{"0":{"name":"(anonymous_0)","decl":{"start":{"line":54,"column":41},"end":{"line":54,"column":42}},"loc":{"start":{"line":54,"column":47},"end":{"line":59,"column":3}},"line":54},"1":{"name":"(anonymous_1)","decl":{"start":{"line":62,"column":24},"end":{"line":62,"column":25}},"loc":{"start":{"line":62,"column":30},"end":{"line":68,"column":3}},"line":62},"2":{"name":"(anonymous_2)","decl":{"start":{"line":64,"column":17},"end":{"line":64,"column":18}},"loc":{"start":{"line":64,"column":23},"end":{"line":67,"column":5}},"line":64},"3":{"name":"(anonymous_3)","decl":{"start":{"line":70,"column":23},"end":{"line":70,"column":24}},"loc":{"start":{"line":70,"column":29},"end":{"line":76,"column":3}},"line":70},"4":{"name":"(anonymous_4)","decl":{"start":{"line":72,"column":17},"end":{"line":72,"column":18}},"loc":{"start":{"line":72,"column":23},"end":{"line":75,"column":5}},"line":72}},"branchMap":{"0":{"loc":{"start":{"line":38,"column":0},"end":{"line":40,"column":1}},"type":"if","locations":[{"start":{"line":38,"column":0},"end":{"line":40,"column":1}},{"start":{},"end":{}}],"line":38},"1":{"loc":{"start":{"line":53,"column":0},"end":{"line":77,"column":1}},"type":"if","locations":[{"start":{"line":53,"column":0},"end":{"line":77,"column":1}},{"start":{},"end":{}}],"line":53},"2":{"loc":{"start":{"line":58,"column":31},"end":{"line":58,"column":82}},"type":"cond-expr","locations":[{"start":{"line":58,"column":54},"end":{"line":58,"column":67}},{"start":{"line":58,"column":70},"end":{"line":58,"column":82}}],"line":58}},"s":{"0":1,"1":1,"2":1,"3":1,"4":1,"5":1,"6":1,"7":1,"8":1,"9":1,"10":1,"11":1,"12":1,"13":1,"14":1,"15":1,"16":1,"17":1,"18":1,"19":1,"20":1,"21":1,"22":1,"23":0,"24":1,"25":1,"26":1,"27":1,"28":1,"29":1,"30":1,"31":0,"32":0,"33":0,"34":0,"35":0,"36":0,"37":0,"38":0,"39":0,"40":0,"41":0,"42":0,"43":0,"44":0,"45":0,"46":1},"f":{"0":0,"1":0,"2":0,"3":0,"4":0},"b":{"0":[0,1],"1":[0,1],"2":[0,0]},"_coverageSchema":"1a1c01bbd47fc00a2c39e90264f33305004495a9","hash":"49e72ddd8a36d83d75c9546a1bb15dfb0fc9700d"}
,"/home/runner/work/mio-system/mio-system/src/config/ecosystem.js": {"path":"/home/runner/work/mio-system/mio-system/src/config/ecosystem.js","statementMap":{"0":{"start":{"line":6,"column":11},"end":{"line":6,"column":24}},"1":{"start":{"line":7,"column":13},"end":{"line":7,"column":28}},"2":{"start":{"line":9,"column":22},"end":{"line":9,"column":72}},"3":{"start":{"line":11,"column":19},"end":{"line":11,"column":23}},"4":{"start":{"line":12,"column":19},"end":{"line":12,"column":23}},"5":{"start":{"line":19,"column":2},"end":{"line":43,"column":3}},"6":{"start":{"line":20,"column":4},"end":{"line":23,"column":5}},"7":{"start":{"line":21,"column":6},"end":{"line":21,"column":67}},"8":{"start":{"line":22,"column":6},"end":{"line":22,"column":16}},"9":{"start":{"line":25,"column":18},"end":{"line":25,"column":44}},"10":{"start":{"line":26,"column":28},"end":{"line":26,"column":49}},"11":{"start":{"line":29,"column":4},"end":{"line":31,"column":5}},"12":{"start":{"line":30,"column":6},"end":{"line":30,"column":26}},"13":{"start":{"line":33,"column":17},"end":{"line":33,"column":55}},"14":{"start":{"line":34,"column":4},"end":{"line":34,"column":36}},"15":{"start":{"line":35,"column":4},"end":{"line":35,"column":35}},"16":{"start":{"line":37,"column":4},"end":{"line":37,"column":53}},"17":{"start":{"line":38,"column":4},"end":{"line":38,"column":24}},"18":{"start":{"line":40,"column":4},"end":{"line":40,"column":63}},"19":{"start":{"line":42,"column":4},"end":{"line":42,"column":30}},"20":{"start":{"line":51,"column":2},"end":{"line":53,"column":3}},"21":{"start":{"line":52,"column":4},"end":{"line":52,"column":27}},"22":{"start":{"line":54,"column":2},"end":{"line":54,"column":22}},"23":{"start":{"line":62,"column":2},"end":{"line":62,"column":22}},"24":{"start":{"line":63,"column":2},"end":{"line":63,"column":25}},"25":{"start":{"line":70,"column":2},"end":{"line":78,"column":3}},"26":{"start":{"line":71,"column":4},"end":{"line":76,"column":7}},"27":{"start":{"line":72,"column":6},"end":{"line":75,"column":7}},"28":{"start":{"line":73,"column":8},"end":{"line":73,"column":63}},"29":{"start":{"line":74,"column":8},"end":{"line":74,"column":26}},"30":{"start":{"line":77,"column":4},"end":{"line":77,"column":60}},"31":{"start":{"line":81,"column":0},"end":{"line":86,"column":2}}},"fnMap":{"0":{"name":"loadEcosystem","decl":{"start":{"line":18,"column":9},"end":{"line":18,"column":22}},"loc":{"start":{"line":18,"column":25},"end":{"line":44,"column":1}},"line":18},"1":{"name":"getEcosystem","decl":{"start":{"line":50,"column":9},"end":{"line":50,"column":21}},"loc":{"start":{"line":50,"column":24},"end":{"line":55,"column":1}},"line":50},"2":{"name":"reloadEcosystem","decl":{"start":{"line":61,"column":9},"end":{"line":61,"column":24}},"loc":{"start":{"line":61,"column":27},"end":{"line":64,"column":1}},"line":61},"3":{"name":"watchEcosystem","decl":{"start":{"line":69,"column":9},"end":{"line":69,"column":23}},"loc":{"start":{"line":69,"column":26},"end":{"line":79,"column":1}},"line":69},"4":{"name":"(anonymous_4)","decl":{"start":{"line":71,"column":28},"end":{"line":71,"column":29}},"loc":{"start":{"line":71,"column":43},"end":{"line":76,"column":5}},"line":71}},"branchMap":{"0":{"loc":{"start":{"line":20,"column":4},"end":{"line":23,"column":5}},"type":"if","locations":[{"start":{"line":20,"column":4},"end":{"line":23,"column":5}},{"start":{},"end":{}}],"line":20},"1":{"loc":{"start":{"line":29,"column":4},"end":{"line":31,"column":5}},"type":"if","locations":[{"start":{"line":29,"column":4},"end":{"line":31,"column":5}},{"start":{},"end":{}}],"line":29},"2":{"loc":{"start":{"line":29,"column":8},"end":{"line":29,"column":56}},"type":"binary-expr","locations":[{"start":{"line":29,"column":8},"end":{"line":29,"column":20}},{"start":{"line":29,"column":24},"end":{"line":29,"column":56}}],"line":29},"3":{"loc":{"start":{"line":42,"column":11},"end":{"line":42,"column":29}},"type":"binary-expr","locations":[{"start":{"line":42,"column":11},"end":{"line":42,"column":23}},{"start":{"line":42,"column":27},"end":{"line":42,"column":29}}],"line":42},"4":{"loc":{"start":{"line":51,"column":2},"end":{"line":53,"column":3}},"type":"if","locations":[{"start":{"line":51,"column":2},"end":{"line":53,"column":3}},{"start":{},"end":{}}],"line":51},"5":{"loc":{"start":{"line":70,"column":2},"end":{"line":78,"column":3}},"type":"if","locations":[{"start":{"line":70,"column":2},"end":{"line":78,"column":3}},{"start":{},"end":{}}],"line":70},"6":{"loc":{"start":{"line":72,"column":6},"end":{"line":75,"column":7}},"type":"if","locations":[{"start":{"line":72,"column":6},"end":{"line":75,"column":7}},{"start":{},"end":{}}],"line":72}},"s":{"0":2,"1":2,"2":2,"3":2,"4":2,"5":4,"6":4,"7":0,"8":0,"9":4,"10":4,"11":4,"12":0,"13":4,"14":4,"15":4,"16":4,"17":4,"18":0,"19":0,"20":3,"21":0,"22":3,"23":2,"24":2,"25":0,"26":0,"27":0,"28":0,"29":0,"30":0,"31":2},"f":{"0":4,"1":3,"2":2,"3":0,"4":0},"b":{"0":[0,4],"1":[0,4],"2":[4,2],"3":[0,0],"4":[0,3],"5":[0,0],"6":[0,0]},"_coverageSchema":"1a1c01bbd47fc00a2c39e90264f33305004495a9","hash":"35e1ea5bb6ccaf952783dd6bbc309927184df022"}
,"/home/runner/work/mio-system/mio-system/src/config/env.js": {"path":"/home/runner/work/mio-system/mio-system/src/config/env.js","statementMap":{"0":{"start":{"line":6,"column":24},"end":{"line":6,"column":36}},"1":{"start":{"line":7,"column":24},"end":{"line":11,"column":1}},"2":{"start":{"line":17,"column":18},"end":{"line":17,"column":74}},"3":{"start":{"line":17,"column":52},"end":{"line":17,"column":73}},"4":{"start":{"line":19,"column":2},"end":{"line":27,"column":3}},"5":{"start":{"line":20,"column":4},"end":{"line":20,"column":76}},"6":{"start":{"line":21,"column":4},"end":{"line":21,"column":43}},"7":{"start":{"line":24,"column":4},"end":{"line":26,"column":5}},"8":{"start":{"line":25,"column":6},"end":{"line":25,"column":43}},"9":{"start":{"line":34,"column":2},"end":{"line":34,"column":16}},"10":{"start":{"line":36,"column":2},"end":{"line":44,"column":4}},"11":{"start":{"line":47,"column":0},"end":{"line":47,"column":44}}},"fnMap":{"0":{"name":"validateEnv","decl":{"start":{"line":16,"column":9},"end":{"line":16,"column":20}},"loc":{"start":{"line":16,"column":23},"end":{"line":28,"column":1}},"line":16},"1":{"name":"(anonymous_1)","decl":{"start":{"line":17,"column":41},"end":{"line":17,"column":42}},"loc":{"start":{"line":17,"column":52},"end":{"line":17,"column":73}},"line":17},"2":{"name":"getConfig","decl":{"start":{"line":33,"column":9},"end":{"line":33,"column":18}},"loc":{"start":{"line":33,"column":21},"end":{"line":45,"column":1}},"line":33}},"branchMap":{"0":{"loc":{"start":{"line":19,"column":2},"end":{"line":27,"column":3}},"type":"if","locations":[{"start":{"line":19,"column":2},"end":{"line":27,"column":3}},{"start":{},"end":{}}],"line":19},"1":{"loc":{"start":{"line":24,"column":4},"end":{"line":26,"column":5}},"type":"if","locations":[{"start":{"line":24,"column":4},"end":{"line":26,"column":5}},{"start":{},"end":{}}],"line":24},"2":{"loc":{"start":{"line":37,"column":13},"end":{"line":37,"column":50}},"type":"binary-expr","locations":[{"start":{"line":37,"column":13},"end":{"line":37,"column":33}},{"start":{"line":37,"column":37},"end":{"line":37,"column":50}}],"line":37},"3":{"loc":{"start":{"line":38,"column":10},"end":{"line":38,"column":64}},"type":"binary-expr","locations":[{"start":{"line":38,"column":10},"end":{"line":38,"column":40}},{"start":{"line":38,"column":44},"end":{"line":38,"column":64}}],"line":38},"4":{"loc":{"start":{"line":39,"column":19},"end":{"line":39,"column":79}},"type":"binary-expr","locations":[{"start":{"line":39,"column":19},"end":{"line":39,"column":45}},{"start":{"line":39,"column":49},"end":{"line":39,"column":79}}],"line":39},"5":{"loc":{"start":{"line":40,"column":14},"end":{"line":40,"column":64}},"type":"binary-expr","locations":[{"start":{"line":40,"column":14},"end":{"line":40,"column":35}},{"start":{"line":40,"column":39},"end":{"line":40,"column":64}}],"line":40},"6":{"loc":{"start":{"line":41,"column":20},"end":{"line":41,"column":57}},"type":"binary-expr","locations":[{"start":{"line":41,"column":20},"end":{"line":41,"column":40}},{"start":{"line":41,"column":44},"end":{"line":41,"column":57}}],"line":41},"7":{"loc":{"start":{"line":42,"column":19},"end":{"line":42,"column":56}},"type":"binary-expr","locations":[{"start":{"line":42,"column":19},"end":{"line":42,"column":39}},{"start":{"line":42,"column":43},"end":{"line":42,"column":56}}],"line":42},"8":{"loc":{"start":{"line":43,"column":13},"end":{"line":43,"column":50}},"type":"binary-expr","locations":[{"start":{"line":43,"column":13},"end":{"line":43,"column":33}},{"start":{"line":43,"column":37},"end":{"line":43,"column":50}}],"line":43}},"s":{"0":2,"1":2,"2":3,"3":3,"4":3,"5":0,"6":0,"7":0,"8":0,"9":3,"10":3,"11":2},"f":{"0":3,"1":3,"2":3},"b":{"0":[0,3],"1":[0,0],"2":[3,0],"3":[3,3],"4":[3,3],"5":[3,3],"6":[3,0],"7":[3,0],"8":[3,0]},"_coverageSchema":"1a1c01bbd47fc00a2c39e90264f33305004495a9","hash":"69ff50628bf2cfd6272a25122388ad18fa875eb9"}
,"/home/runner/work/mio-system/mio-system/src/middleware/errorHandler.js": {"path":"/home/runner/work/mio-system/mio-system/src/middleware/errorHandler.js","statementMap":{"0":{"start":{"line":6,"column":22},"end":{"line":6,"column":46}},"1":{"start":{"line":12,"column":2},"end":{"line":16,"column":5}},"2":{"start":{"line":23,"column":17},"end":{"line":23,"column":28}},"3":{"start":{"line":26,"column":2},"end":{"line":31,"column":5}},"4":{"start":{"line":34,"column":21},"end":{"line":34,"column":56}},"5":{"start":{"line":37,"column":24},"end":{"line":41,"column":3}},"6":{"start":{"line":44,"column":2},"end":{"line":46,"column":3}},"7":{"start":{"line":45,"column":4},"end":{"line":45,"column":36}},"8":{"start":{"line":48,"column":2},"end":{"line":48,"column":45}},"9":{"start":{"line":56,"column":2},"end":{"line":58,"column":4}},"10":{"start":{"line":57,"column":4},"end":{"line":57,"column":52}},"11":{"start":{"line":61,"column":0},"end":{"line":65,"column":2}}},"fnMap":{"0":{"name":"notFoundHandler","decl":{"start":{"line":11,"column":9},"end":{"line":11,"column":24}},"loc":{"start":{"line":11,"column":35},"end":{"line":17,"column":1}},"line":11},"1":{"name":"errorHandler","decl":{"start":{"line":22,"column":9},"end":{"line":22,"column":21}},"loc":{"start":{"line":22,"column":44},"end":{"line":49,"column":1}},"line":22},"2":{"name":"asyncHandler","decl":{"start":{"line":55,"column":9},"end":{"line":55,"column":21}},"loc":{"start":{"line":55,"column":26},"end":{"line":59,"column":1}},"line":55},"3":{"name":"(anonymous_3)","decl":{"start":{"line":56,"column":9},"end":{"line":56,"column":10}},"loc":{"start":{"line":56,"column":29},"end":{"line":58,"column":3}},"line":56}},"branchMap":{"0":{"loc":{"start":{"line":28,"column":11},"end":{"line":28,"column":55}},"type":"cond-expr","locations":[{"start":{"line":28,"column":34},"end":{"line":28,"column":43}},{"start":{"line":28,"column":46},"end":{"line":28,"column":55}}],"line":28},"1":{"loc":{"start":{"line":34,"column":21},"end":{"line":34,"column":56}},"type":"binary-expr","locations":[{"start":{"line":34,"column":21},"end":{"line":34,"column":35}},{"start":{"line":34,"column":39},"end":{"line":34,"column":49}},{"start":{"line":34,"column":53},"end":{"line":34,"column":56}}],"line":34},"2":{"loc":{"start":{"line":38,"column":11},"end":{"line":38,"column":46}},"type":"binary-expr","locations":[{"start":{"line":38,"column":11},"end":{"line":38,"column":19}},{"start":{"line":38,"column":23},"end":{"line":38,"column":46}}],"line":38},"3":{"loc":{"start":{"line":39,"column":13},"end":{"line":39,"column":58}},"type":"binary-expr","locations":[{"start":{"line":39,"column":13},"end":{"line":39,"column":24}},{"start":{"line":39,"column":28},"end":{"line":39,"column":58}}],"line":39},"4":{"loc":{"start":{"line":44,"column":2},"end":{"line":46,"column":3}},"type":"if","locations":[{"start":{"line":44,"column":2},"end":{"line":46,"column":3}},{"start":{},"end":{}}],"line":44},"5":{"loc":{"start":{"line":44,"column":6},"end":{"line":44,"column":39}},"type":"binary-expr","locations":[{"start":{"line":44,"column":6},"end":{"line":44,"column":26}},{"start":{"line":44,"column":30},"end":{"line":44,"column":39}}],"line":44}},"s":{"0":1,"1":1,"2":0,"3":0,"4":0,"5":0,"6":0,"7":0,"8":0,"9":4,"10":7,"11":1},"f":{"0":1,"1":0,"2":4,"3":7},"b":{"0":[0,0],"1":[0,0,0],"2":[0,0],"3":[0,0],"4":[0,0],"5":[0,0]},"_coverageSchema":"1a1c01bbd47fc00a2c39e90264f33305004495a9","hash":"ded2d14cef9c58cb16e6aaa1a1f2fee7b4764564"}
,"/home/runner/work/mio-system/mio-system/src/middleware/logging.js": {"path":"/home/runner/work/mio-system/mio-system/src/middleware/logging.js","statementMap":{"0":{"start":{"line":6,"column":15},"end":{"line":6,"column":32}},"1":{"start":{"line":11,"column":0},"end":{"line":15,"column":3}},"2":{"start":{"line":12,"column":13},"end":{"line":12,"column":47}},"3":{"start":{"line":14,"column":2},"end":{"line":14,"column":37}},"4":{"start":{"line":21,"column":2},"end":{"line":24,"column":3}},"5":{"start":{"line":23,"column":4},"end":{"line":23,"column":25}},"6":{"start":{"line":27,"column":2},"end":{"line":35,"column":4}},"7":{"start":{"line":32,"column":8},"end":{"line":32,"column":38}},"8":{"start":{"line":38,"column":0},"end":{"line":38,"column":38}}},"fnMap":{"0":{"name":"(anonymous_0)","decl":{"start":{"line":11,"column":37},"end":{"line":11,"column":38}},"loc":{"start":{"line":11,"column":46},"end":{"line":15,"column":1}},"line":11},"1":{"name":"configureLogging","decl":{"start":{"line":20,"column":9},"end":{"line":20,"column":25}},"loc":{"start":{"line":20,"column":49},"end":{"line":36,"column":1}},"line":20},"2":{"name":"(anonymous_2)","decl":{"start":{"line":30,"column":12},"end":{"line":30,"column":13}},"loc":{"start":{"line":30,"column":21},"end":{"line":33,"column":7}},"line":30}},"branchMap":{"0":{"loc":{"start":{"line":12,"column":13},"end":{"line":12,"column":47}},"type":"binary-expr","locations":[{"start":{"line":12,"column":13},"end":{"line":12,"column":34}},{"start":{"line":12,"column":38},"end":{"line":12,"column":47}}],"line":12},"1":{"loc":{"start":{"line":20,"column":26},"end":{"line":20,"column":47}},"type":"default-arg","locations":[{"start":{"line":20,"column":42},"end":{"line":20,"column":47}}],"line":20},"2":{"loc":{"start":{"line":21,"column":2},"end":{"line":24,"column":3}},"type":"if","locations":[{"start":{"line":21,"column":2},"end":{"line":24,"column":3}},{"start":{},"end":{}}],"line":21}},"s":{"0":1,"1":1,"2":9,"3":9,"4":1,"5":0,"6":1,"7":12,"8":1},"f":{"0":9,"1":1,"2":12},"b":{"0":[9,9],"1":[0],"2":[0,1]},"_coverageSchema":"1a1c01bbd47fc00a2c39e90264f33305004495a9","hash":"dea7feb441fdc3a167e4d8bfc4170aae73ec5e9a"}
,"/home/runner/work/mio-system/mio-system/src/middleware/security.js": {"path":"/home/runner/work/mio-system/mio-system/src/middleware/security.js","statementMap":{"0":{"start":{"line":6,"column":15},"end":{"line":6,"column":32}},"1":{"start":{"line":7,"column":18},"end":{"line":7,"column":47}},"2":{"start":{"line":8,"column":15},"end":{"line":8,"column":32}},"3":{"start":{"line":14,"column":2},"end":{"line":28,"column":5}},"4":{"start":{"line":35,"column":2},"end":{"line":44,"column":5}},"5":{"start":{"line":51,"column":2},"end":{"line":60,"column":5}},"6":{"start":{"line":68,"column":2},"end":{"line":104,"column":4}},"7":{"start":{"line":70,"column":4},"end":{"line":72,"column":5}},"8":{"start":{"line":71,"column":6},"end":{"line":71,"column":20}},"9":{"start":{"line":74,"column":22},"end":{"line":74,"column":56}},"10":{"start":{"line":76,"column":4},"end":{"line":81,"column":5}},"11":{"start":{"line":77,"column":6},"end":{"line":80,"column":9}},"12":{"start":{"line":83,"column":4},"end":{"line":103,"column":5}},"13":{"start":{"line":84,"column":22},"end":{"line":84,"column":46}},"14":{"start":{"line":85,"column":32},"end":{"line":88,"column":22}},"15":{"start":{"line":90,"column":6},"end":{"line":95,"column":7}},"16":{"start":{"line":91,"column":8},"end":{"line":94,"column":11}},"17":{"start":{"line":97,"column":6},"end":{"line":97,"column":13}},"18":{"start":{"line":99,"column":6},"end":{"line":102,"column":9}},"19":{"start":{"line":111,"column":2},"end":{"line":113,"column":3}},"20":{"start":{"line":112,"column":4},"end":{"line":112,"column":17}},"21":{"start":{"line":115,"column":2},"end":{"line":115,"column":40}},"22":{"start":{"line":118,"column":0},"end":{"line":124,"column":2}}},"fnMap":{"0":{"name":"configureHelmet","decl":{"start":{"line":13,"column":9},"end":{"line":13,"column":24}},"loc":{"start":{"line":13,"column":27},"end":{"line":29,"column":1}},"line":13},"1":{"name":"configureRateLimit","decl":{"start":{"line":34,"column":9},"end":{"line":34,"column":27}},"loc":{"start":{"line":34,"column":30},"end":{"line":45,"column":1}},"line":34},"2":{"name":"configureWebhookRateLimit","decl":{"start":{"line":50,"column":9},"end":{"line":50,"column":34}},"loc":{"start":{"line":50,"column":37},"end":{"line":61,"column":1}},"line":50},"3":{"name":"verifyWebhookSignature","decl":{"start":{"line":67,"column":9},"end":{"line":67,"column":31}},"loc":{"start":{"line":67,"column":40},"end":{"line":105,"column":1}},"line":67},"4":{"name":"(anonymous_4)","decl":{"start":{"line":68,"column":9},"end":{"line":68,"column":10}},"loc":{"start":{"line":68,"column":29},"end":{"line":104,"column":3}},"line":68},"5":{"name":"sanitizeInput","decl":{"start":{"line":110,"column":9},"end":{"line":110,"column":22}},"loc":{"start":{"line":110,"column":30},"end":{"line":116,"column":1}},"line":110}},"branchMap":{"0":{"loc":{"start":{"line":70,"column":4},"end":{"line":72,"column":5}},"type":"if","locations":[{"start":{"line":70,"column":4},"end":{"line":72,"column":5}},{"start":{},"end":{}}],"line":70},"1":{"loc":{"start":{"line":76,"column":4},"end":{"line":81,"column":5}},"type":"if","locations":[{"start":{"line":76,"column":4},"end":{"line":81,"column":5}},{"start":{},"end":{}}],"line":76},"2":{"loc":{"start":{"line":90,"column":6},"end":{"line":95,"column":7}},"type":"if","locations":[{"start":{"line":90,"column":6},"end":{"line":95,"column":7}},{"start":{},"end":{}}],"line":90},"3":{"loc":{"start":{"line":111,"column":2},"end":{"line":113,"column":3}},"type":"if","locations":[{"start":{"line":111,"column":2},"end":{"line":113,"column":3}},{"start":{},"end":{}}],"line":111}},"s":{"0":2,"1":2,"2":2,"3":1,"4":1,"5":1,"6":1,"7":4,"8":4,"9":0,"10":0,"11":0,"12":0,"13":0,"14":0,"15":0,"16":0,"17":0,"18":0,"19":8,"20":4,"21":4,"22":2},"f":{"0":1,"1":1,"2":1,"3":1,"4":4,"5":8},"b":{"0":[4,0],"1":[0,0],"2":[0,0],"3":[4,4]},"_coverageSchema":"1a1c01bbd47fc00a2c39e90264f33305004495a9","hash":"9833baf498849b4517eed81118ab731cdb90435a"}
,"/home/runner/work/mio-system/mio-system/src/routes/api.js": {"path":"/home/runner/work/mio-system/mio-system/src/routes/api.js","statementMap":{"0":{"start":{"line":6,"column":16},"end":{"line":6,"column":34}},"1":{"start":{"line":7,"column":15},"end":{"line":7,"column":31}},"2":{"start":{"line":8,"column":42},"end":{"line":8,"column":72}},"3":{"start":{"line":9,"column":25},"end":{"line":9,"column":62}},"4":{"start":{"line":15,"column":0},"end":{"line":22,"column":4}},"5":{"start":{"line":16,"column":20},"end":{"line":16,"column":34}},"6":{"start":{"line":18,"column":2},"end":{"line":21,"column":5}},"7":{"start":{"line":28,"column":0},"end":{"line":38,"column":4}},"8":{"start":{"line":30,"column":2},"end":{"line":37,"column":5}},"9":{"start":{"line":45,"column":0},"end":{"line":53,"column":4}},"10":{"start":{"line":46,"column":20},"end":{"line":46,"column":37}},"11":{"start":{"line":48,"column":2},"end":{"line":52,"column":5}},"12":{"start":{"line":55,"column":0},"end":{"line":55,"column":24}}},"fnMap":{"0":{"name":"(anonymous_0)","decl":{"start":{"line":15,"column":38},"end":{"line":15,"column":39}},"loc":{"start":{"line":15,"column":58},"end":{"line":22,"column":1}},"line":15},"1":{"name":"(anonymous_1)","decl":{"start":{"line":28,"column":39},"end":{"line":28,"column":40}},"loc":{"start":{"line":28,"column":59},"end":{"line":38,"column":1}},"line":28},"2":{"name":"(anonymous_2)","decl":{"start":{"line":45,"column":46},"end":{"line":45,"column":47}},"loc":{"start":{"line":45,"column":66},"end":{"line":53,"column":1}},"line":45}},"branchMap":{},"s":{"0":1,"1":1,"2":1,"3":1,"4":1,"5":1,"6":1,"7":1,"8":1,"9":1,"10":1,"11":1,"12":1},"f":{"0":1,"1":1,"2":1},"b":{},"_coverageSchema":"1a1c01bbd47fc00a2c39e90264f33305004495a9","hash":"745f3dcaad869e0c44c5364f6b445aabb0f91347"}
,"/home/runner/work/mio-system/mio-system/src/routes/health.js": {"path":"/home/runner/work/mio-system/mio-system/src/routes/health.js","statementMap":{"0":{"start":{"line":6,"column":16},"end":{"line":6,"column":34}},"1":{"start":{"line":7,"column":15},"end":{"line":7,"column":31}},"2":{"start":{"line":13,"column":0},"end":{"line":20,"column":3}},"3":{"start":{"line":14,"column":2},"end":{"line":19,"column":5}},"4":{"start":{"line":22,"column":0},"end":{"line":22,"column":24}}},"fnMap":{"0":{"name":"(anonymous_0)","decl":{"start":{"line":13,"column":22},"end":{"line":13,"column":23}},"loc":{"start":{"line":13,"column":36},"end":{"line":20,"column":1}},"line":13}},"branchMap":{},"s":{"0":1,"1":1,"2":1,"3":3,"4":1},"f":{"0":3},"b":{},"_coverageSchema":"1a1c01bbd47fc00a2c39e90264f33305004495a9","hash":"2e4e8b15e9dc1f7a0c39850e8a0a0d1fab410207"}
,"/home/runner/work/mio-system/mio-system/src/routes/home.js": {"path":"/home/runner/work/mio-system/mio-system/src/routes/home.js","statementMap":{"0":{"start":{"line":6,"column":16},"end":{"line":6,"column":34}},"1":{"start":{"line":7,"column":15},"end":{"line":7,"column":31}},"2":{"start":{"line":13,"column":0},"end":{"line":124,"column":3}},"3":{"start":{"line":14,"column":2},"end":{"line":123,"column":5}},"4":{"start":{"line":126,"column":0},"end":{"line":126,"column":24}}},"fnMap":{"0":{"name":"(anonymous_0)","decl":{"start":{"line":13,"column":16},"end":{"line":13,"column":17}},"loc":{"start":{"line":13,"column":30},"end":{"line":124,"column":1}},"line":13}},"branchMap":{},"s":{"0":1,"1":1,"2":1,"3":1,"4":1},"f":{"0":1},"b":{},"_coverageSchema":"1a1c01bbd47fc00a2c39e90264f33305004495a9","hash":"29bbd71d7cbfb1ff8b3d632bc468d9e61e286903"}
,"/home/runner/work/mio-system/mio-system/src/routes/webhook.js": {"path":"/home/runner/work/mio-system/mio-system/src/routes/webhook.js","statementMap":{"0":{"start":{"line":6,"column":16},"end":{"line":6,"column":34}},"1":{"start":{"line":7,"column":15},"end":{"line":7,"column":31}},"2":{"start":{"line":8,"column":35},"end":{"line":8,"column":63}},"3":{"start":{"line":9,"column":25},"end":{"line":9,"column":62}},"4":{"start":{"line":10,"column":26},"end":{"line":10,"column":59}},"5":{"start":{"line":17,"column":0},"end":{"line":61,"column":2}},"6":{"start":{"line":32,"column":19},"end":{"line":32,"column":40}},"7":{"start":{"line":33,"column":4},"end":{"line":39,"column":5}},"8":{"start":{"line":34,"column":6},"end":{"line":38,"column":9}},"9":{"start":{"line":41,"column":31},"end":{"line":41,"column":39}},"10":{"start":{"line":44,"column":4},"end":{"line":47,"column":7}},"11":{"start":{"line":54,"column":4},"end":{"line":59,"column":7}},"12":{"start":{"line":63,"column":0},"end":{"line":63,"column":24}}},"fnMap":{"0":{"name":"(anonymous_0)","decl":{"start":{"line":30,"column":15},"end":{"line":30,"column":16}},"loc":{"start":{"line":30,"column":35},"end":{"line":60,"column":3}},"line":30}},"branchMap":{"0":{"loc":{"start":{"line":33,"column":4},"end":{"line":39,"column":5}},"type":"if","locations":[{"start":{"line":33,"column":4},"end":{"line":39,"column":5}},{"start":{},"end":{}}],"line":33},"1":{"loc":{"start":{"line":58,"column":15},"end":{"line":58,"column":28}},"type":"binary-expr","locations":[{"start":{"line":58,"column":15},"end":{"line":58,"column":22}},{"start":{"line":58,"column":26},"end":{"line":58,"column":28}}],"line":58}},"s":{"0":1,"1":1,"2":1,"3":1,"4":1,"5":1,"6":4,"7":4,"8":3,"9":1,"10":1,"11":1,"12":1},"f":{"0":4},"b":{"0":[3,1],"1":[1,0]},"_coverageSchema":"1a1c01bbd47fc00a2c39e90264f33305004495a9","hash":"fa4f3412b1f2c61ee8ccc42973ab9128d0346752"}
}
