TN:
SF:src/server.new.js
FN:54,(anonymous_0)
FN:62,(anonymous_1)
FN:64,(anonymous_2)
FN:70,(anonymous_3)
FN:72,(anonymous_4)
FNF:5
FNH:0
FNDA:0,(anonymous_0)
FNDA:0,(anonymous_1)
FNDA:0,(anonymous_2)
FNDA:0,(anonymous_3)
FNDA:0,(anonymous_4)
DA:6,1
DA:7,1
DA:8,1
DA:9,1
DA:10,1
DA:11,1
DA:12,1
DA:13,1
DA:16,1
DA:17,1
DA:18,1
DA:19,1
DA:22,1
DA:25,1
DA:28,1
DA:29,1
DA:30,1
DA:31,1
DA:32,1
DA:33,1
DA:34,1
DA:37,1
DA:38,1
DA:39,0
DA:43,1
DA:44,1
DA:45,1
DA:46,1
DA:49,1
DA:50,1
DA:53,1
DA:54,0
DA:55,0
DA:56,0
DA:57,0
DA:58,0
DA:62,0
DA:63,0
DA:64,0
DA:65,0
DA:66,0
DA:70,0
DA:71,0
DA:72,0
DA:73,0
DA:74,0
DA:80,1
LF:47
LH:31
BRDA:38,0,0,0
BRDA:38,0,1,1
BRDA:53,1,0,0
BRDA:53,1,1,1
BRDA:58,2,0,0
BRDA:58,2,1,0
BRF:6
BRH:2
end_of_record
TN:
SF:src/config/ecosystem.js
FN:18,loadEcosystem
FN:50,getEcosystem
FN:61,reloadEcosystem
FN:69,watchEcosystem
FN:71,(anonymous_4)
FNF:5
FNH:3
FNDA:4,loadEcosystem
FNDA:3,getEcosystem
FNDA:2,reloadEcosystem
FNDA:0,watchEcosystem
FNDA:0,(anonymous_4)
DA:6,2
DA:7,2
DA:9,2
DA:11,2
DA:12,2
DA:19,4
DA:20,4
DA:21,0
DA:22,0
DA:25,4
DA:26,4
DA:29,4
DA:30,0
DA:33,4
DA:34,4
DA:35,4
DA:37,4
DA:38,4
DA:40,0
DA:42,0
DA:51,3
DA:52,0
DA:54,3
DA:62,2
DA:63,2
DA:70,0
DA:71,0
DA:72,0
DA:73,0
DA:74,0
DA:77,0
DA:81,2
LF:32
LH:20
BRDA:20,0,0,0
BRDA:20,0,1,4
BRDA:29,1,0,0
BRDA:29,1,1,4
BRDA:29,2,0,4
BRDA:29,2,1,2
BRDA:42,3,0,0
BRDA:42,3,1,0
BRDA:51,4,0,0
BRDA:51,4,1,3
BRDA:70,5,0,0
BRDA:70,5,1,0
BRDA:72,6,0,0
BRDA:72,6,1,0
BRF:14
BRH:5
end_of_record
TN:
SF:src/config/env.js
FN:16,validateEnv
FN:17,(anonymous_1)
FN:33,getConfig
FNF:3
FNH:3
FNDA:3,validateEnv
FNDA:3,(anonymous_1)
FNDA:3,getConfig
DA:6,2
DA:7,2
DA:17,3
DA:19,3
DA:20,0
DA:21,0
DA:24,0
DA:25,0
DA:34,3
DA:36,3
DA:47,2
LF:11
LH:7
BRDA:19,0,0,0
BRDA:19,0,1,3
BRDA:24,1,0,0
BRDA:24,1,1,0
BRDA:37,2,0,3
BRDA:37,2,1,0
BRDA:38,3,0,3
BRDA:38,3,1,3
BRDA:39,4,0,3
BRDA:39,4,1,3
BRDA:40,5,0,3
BRDA:40,5,1,3
BRDA:41,6,0,3
BRDA:41,6,1,0
BRDA:42,7,0,3
BRDA:42,7,1,0
BRDA:43,8,0,3
BRDA:43,8,1,0
BRF:18
BRH:11
end_of_record
TN:
SF:src/middleware/errorHandler.js
FN:11,notFoundHandler
FN:22,errorHandler
FN:55,asyncHandler
FN:56,(anonymous_3)
FNF:4
FNH:3
FNDA:1,notFoundHandler
FNDA:0,errorHandler
FNDA:4,asyncHandler
FNDA:7,(anonymous_3)
DA:6,1
DA:12,1
DA:23,0
DA:26,0
DA:34,0
DA:37,0
DA:44,0
DA:45,0
DA:48,0
DA:56,4
DA:57,7
DA:61,1
LF:12
LH:5
BRDA:28,0,0,0
BRDA:28,0,1,0
BRDA:34,1,0,0
BRDA:34,1,1,0
BRDA:34,1,2,0
BRDA:38,2,0,0
BRDA:38,2,1,0
BRDA:39,3,0,0
BRDA:39,3,1,0
BRDA:44,4,0,0
BRDA:44,4,1,0
BRDA:44,5,0,0
BRDA:44,5,1,0
BRF:13
BRH:0
end_of_record
TN:
SF:src/middleware/logging.js
FN:11,(anonymous_0)
FN:20,configureLogging
FN:30,(anonymous_2)
FNF:3
FNH:3
FNDA:9,(anonymous_0)
FNDA:1,configureLogging
FNDA:12,(anonymous_2)
DA:6,1
DA:11,1
DA:12,9
DA:14,9
DA:21,1
DA:23,0
DA:27,1
DA:32,12
DA:38,1
LF:9
LH:8
BRDA:12,0,0,9
BRDA:12,0,1,9
BRDA:20,1,0,0
BRDA:21,2,0,0
BRDA:21,2,1,1
BRF:5
BRH:3
end_of_record
TN:
SF:src/middleware/security.js
FN:13,configureHelmet
FN:34,configureRateLimit
FN:50,configureWebhookRateLimit
FN:67,verifyWebhookSignature
FN:68,(anonymous_4)
FN:110,sanitizeInput
FNF:6
FNH:6
FNDA:1,configureHelmet
FNDA:1,configureRateLimit
FNDA:1,configureWebhookRateLimit
FNDA:1,verifyWebhookSignature
FNDA:4,(anonymous_4)
FNDA:8,sanitizeInput
DA:6,2
DA:7,2
DA:8,2
DA:14,1
DA:35,1
DA:51,1
DA:68,1
DA:70,4
DA:71,4
DA:74,0
DA:76,0
DA:77,0
DA:83,0
DA:84,0
DA:85,0
DA:90,0
DA:91,0
DA:97,0
DA:99,0
DA:111,8
DA:112,4
DA:115,4
DA:118,2
LF:23
LH:13
BRDA:70,0,0,4
BRDA:70,0,1,0
BRDA:76,1,0,0
BRDA:76,1,1,0
BRDA:90,2,0,0
BRDA:90,2,1,0
BRDA:111,3,0,4
BRDA:111,3,1,4
BRF:8
BRH:3
end_of_record
TN:
SF:src/routes/api.js
FN:15,(anonymous_0)
FN:28,(anonymous_1)
FN:45,(anonymous_2)
FNF:3
FNH:3
FNDA:1,(anonymous_0)
FNDA:1,(anonymous_1)
FNDA:1,(anonymous_2)
DA:6,1
DA:7,1
DA:8,1
DA:9,1
DA:15,1
DA:16,1
DA:18,1
DA:28,1
DA:30,1
DA:45,1
DA:46,1
DA:48,1
DA:55,1
LF:13
LH:13
BRF:0
BRH:0
end_of_record
TN:
SF:src/routes/health.js
FN:13,(anonymous_0)
FNF:1
FNH:1
FNDA:3,(anonymous_0)
DA:6,1
DA:7,1
DA:13,1
DA:14,3
DA:22,1
LF:5
LH:5
BRF:0
BRH:0
end_of_record
TN:
SF:src/routes/home.js
FN:13,(anonymous_0)
FNF:1
FNH:1
FNDA:1,(anonymous_0)
DA:6,1
DA:7,1
DA:13,1
DA:14,1
DA:126,1
LF:5
LH:5
BRF:0
BRH:0
end_of_record
TN:
SF:src/routes/webhook.js
FN:30,(anonymous_0)
FNF:1
FNH:1
FNDA:4,(anonymous_0)
DA:6,1
DA:7,1
DA:8,1
DA:9,1
DA:10,1
DA:17,1
DA:32,4
DA:33,4
DA:34,3
DA:41,1
DA:44,1
DA:54,1
DA:63,1
LF:13
LH:13
BRDA:33,0,0,3
BRDA:33,0,1,1
BRDA:58,1,0,1
BRDA:58,1,1,0
BRF:4
BRH:3
end_of_record
